app/build/intermediates/manifest_merge_blame_file/debug/processDebugMainManifest/manifest-merger-blame-debug-report.txt
1<?xml version="1.0" encoding="utf-8"?>
2<manifest xmlns:android="http://schemas.android.com/apk/res/android"
3    package="com.batteryok.evdoctor"
4    android:versionCode="1"
5    android:versionName="1.0.0" >
6
7    <uses-sdk
8        android:minSdkVersion="26"
9        android:targetSdkVersion="34" />
10
11    <!-- Internet and Network permissions -->
12    <uses-permission android:name="android.permission.INTERNET" />
12-->src/main/AndroidManifest.xml:5:5-67
12-->src/main/AndroidManifest.xml:5:22-64
13    <uses-permission android:name="android.permission.ACCESS_NETWORK_STATE" />
13-->src/main/AndroidManifest.xml:6:5-79
13-->src/main/AndroidManifest.xml:6:22-76
14    <uses-permission android:name="android.permission.ACCESS_WIFI_STATE" />
14-->src/main/AndroidManifest.xml:7:5-76
14-->src/main/AndroidManifest.xml:7:22-73
15
16    <!-- Bluetooth permissions -->
17    <uses-permission
17-->src/main/AndroidManifest.xml:10:5-95
18        android:name="android.permission.BLUETOOTH"
18-->src/main/AndroidManifest.xml:10:22-65
19        android:maxSdkVersion="30" />
19-->src/main/AndroidManifest.xml:10:66-92
20    <uses-permission
20-->src/main/AndroidManifest.xml:11:5-101
21        android:name="android.permission.BLUETOOTH_ADMIN"
21-->src/main/AndroidManifest.xml:11:22-71
22        android:maxSdkVersion="30" />
22-->src/main/AndroidManifest.xml:11:72-98
23    <uses-permission
23-->src/main/AndroidManifest.xml:12:5-13:58
24        android:name="android.permission.BLUETOOTH_SCAN"
24-->src/main/AndroidManifest.xml:12:22-70
25        android:usesPermissionFlags="neverForLocation" />
25-->src/main/AndroidManifest.xml:13:9-55
26    <uses-permission android:name="android.permission.BLUETOOTH_CONNECT" />
26-->src/main/AndroidManifest.xml:14:5-76
26-->src/main/AndroidManifest.xml:14:22-73
27    <uses-permission android:name="android.permission.ACCESS_FINE_LOCATION" />
27-->src/main/AndroidManifest.xml:15:5-79
27-->src/main/AndroidManifest.xml:15:22-76
28    <uses-permission android:name="android.permission.ACCESS_COARSE_LOCATION" />
28-->src/main/AndroidManifest.xml:16:5-81
28-->src/main/AndroidManifest.xml:16:22-78
29
30    <!-- Bluetooth feature -->
31    <uses-feature
31-->src/main/AndroidManifest.xml:19:5-88
32        android:name="android.hardware.bluetooth"
32-->src/main/AndroidManifest.xml:19:19-60
33        android:required="false" />
33-->src/main/AndroidManifest.xml:19:61-85
34    <uses-feature
34-->src/main/AndroidManifest.xml:20:5-91
35        android:name="android.hardware.bluetooth_le"
35-->src/main/AndroidManifest.xml:20:19-63
36        android:required="false" />
36-->src/main/AndroidManifest.xml:20:64-88
37
38    <permission
38-->[androidx.core:core:1.13.1] AndroidManifest.xml:22:5-24:47
39        android:name="com.batteryok.evdoctor.DYNAMIC_RECEIVER_NOT_EXPORTED_PERMISSION"
39-->[androidx.core:core:1.13.1] AndroidManifest.xml:23:9-81
40        android:protectionLevel="signature" />
40-->[androidx.core:core:1.13.1] AndroidManifest.xml:24:9-44
41
42    <uses-permission android:name="com.batteryok.evdoctor.DYNAMIC_RECEIVER_NOT_EXPORTED_PERMISSION" />
42-->[androidx.core:core:1.13.1] AndroidManifest.xml:26:5-97
42-->[androidx.core:core:1.13.1] AndroidManifest.xml:26:22-94
43
44    <application
44-->src/main/AndroidManifest.xml:22:5-65:19
45        android:allowBackup="true"
45-->src/main/AndroidManifest.xml:23:9-35
46        android:appComponentFactory="androidx.core.app.CoreComponentFactory"
46-->[androidx.core:core:1.13.1] AndroidManifest.xml:28:18-86
47        android:debuggable="true"
48        android:extractNativeLibs="false"
49        android:hardwareAccelerated="true"
49-->src/main/AndroidManifest.xml:29:9-43
50        android:icon="@drawable/ic_launcher"
50-->src/main/AndroidManifest.xml:24:9-45
51        android:label="@string/app_name"
51-->src/main/AndroidManifest.xml:26:9-41
52        android:largeHeap="true"
52-->src/main/AndroidManifest.xml:30:9-33
53        android:roundIcon="@drawable/ic_launcher_round"
53-->src/main/AndroidManifest.xml:25:9-56
54        android:supportsRtl="true"
54-->src/main/AndroidManifest.xml:27:9-35
55        android:testOnly="true"
56        android:theme="@style/Theme.EVDoctor.Splash" >
56-->src/main/AndroidManifest.xml:28:9-53
57
58        <!-- Splash Screen -->
59        <activity
59-->src/main/AndroidManifest.xml:33:9-42:20
60            android:name="com.batteryok.evdoctor.ui.splash.SplashActivity"
60-->src/main/AndroidManifest.xml:34:13-53
61            android:exported="true"
61-->src/main/AndroidManifest.xml:35:13-36
62            android:screenOrientation="portrait"
62-->src/main/AndroidManifest.xml:36:13-49
63            android:theme="@style/Theme.EVDoctor.Splash" >
63-->src/main/AndroidManifest.xml:37:13-57
64            <intent-filter>
64-->src/main/AndroidManifest.xml:38:13-41:29
65                <action android:name="android.intent.action.MAIN" />
65-->src/main/AndroidManifest.xml:39:17-69
65-->src/main/AndroidManifest.xml:39:25-66
66
67                <category android:name="android.intent.category.LAUNCHER" />
67-->src/main/AndroidManifest.xml:40:17-77
67-->src/main/AndroidManifest.xml:40:27-74
68            </intent-filter>
69        </activity>
70
71        <!-- Home Screen -->
72        <activity
72-->src/main/AndroidManifest.xml:45:9-49:53
73            android:name="com.batteryok.evdoctor.ui.home.HomeActivity"
73-->src/main/AndroidManifest.xml:46:13-49
74            android:exported="false"
74-->src/main/AndroidManifest.xml:47:13-37
75            android:screenOrientation="portrait"
75-->src/main/AndroidManifest.xml:48:13-49
76            android:theme="@style/Theme.EVDoctor" />
76-->src/main/AndroidManifest.xml:49:13-50
77
78        <!-- Dashboard Screen -->
79        <activity
79-->src/main/AndroidManifest.xml:52:9-56:53
80            android:name="com.batteryok.evdoctor.ui.dashboard.DashboardActivity"
80-->src/main/AndroidManifest.xml:53:13-59
81            android:exported="false"
81-->src/main/AndroidManifest.xml:54:13-37
82            android:screenOrientation="portrait"
82-->src/main/AndroidManifest.xml:55:13-49
83            android:theme="@style/Theme.EVDoctor" />
83-->src/main/AndroidManifest.xml:56:13-50
84
85        <!-- Report Screen -->
86        <activity
86-->src/main/AndroidManifest.xml:59:9-63:53
87            android:name="com.batteryok.evdoctor.ui.report.ReportActivity"
87-->src/main/AndroidManifest.xml:60:13-53
88            android:exported="false"
88-->src/main/AndroidManifest.xml:61:13-37
89            android:screenOrientation="portrait"
89-->src/main/AndroidManifest.xml:62:13-49
90            android:theme="@style/Theme.EVDoctor" />
90-->src/main/AndroidManifest.xml:63:13-50
91
92        <provider
92-->[androidx.emoji2:emoji2:1.3.0] AndroidManifest.xml:24:9-32:20
93            android:name="androidx.startup.InitializationProvider"
93-->[androidx.emoji2:emoji2:1.3.0] AndroidManifest.xml:25:13-67
94            android:authorities="com.batteryok.evdoctor.androidx-startup"
94-->[androidx.emoji2:emoji2:1.3.0] AndroidManifest.xml:26:13-68
95            android:exported="false" >
95-->[androidx.emoji2:emoji2:1.3.0] AndroidManifest.xml:27:13-37
96            <meta-data
96-->[androidx.emoji2:emoji2:1.3.0] AndroidManifest.xml:29:13-31:52
97                android:name="androidx.emoji2.text.EmojiCompatInitializer"
97-->[androidx.emoji2:emoji2:1.3.0] AndroidManifest.xml:30:17-75
98                android:value="androidx.startup" />
98-->[androidx.emoji2:emoji2:1.3.0] AndroidManifest.xml:31:17-49
99            <meta-data
99-->[androidx.lifecycle:lifecycle-process:2.8.3] AndroidManifest.xml:29:13-31:52
100                android:name="androidx.lifecycle.ProcessLifecycleInitializer"
100-->[androidx.lifecycle:lifecycle-process:2.8.3] AndroidManifest.xml:30:17-78
101                android:value="androidx.startup" />
101-->[androidx.lifecycle:lifecycle-process:2.8.3] AndroidManifest.xml:31:17-49
102            <meta-data
102-->[androidx.profileinstaller:profileinstaller:1.3.1] AndroidManifest.xml:29:13-31:52
103                android:name="androidx.profileinstaller.ProfileInstallerInitializer"
103-->[androidx.profileinstaller:profileinstaller:1.3.1] AndroidManifest.xml:30:17-85
104                android:value="androidx.startup" />
104-->[androidx.profileinstaller:profileinstaller:1.3.1] AndroidManifest.xml:31:17-49
105        </provider>
106
107        <uses-library
107-->[androidx.window:window:1.0.0] AndroidManifest.xml:25:9-27:40
108            android:name="androidx.window.extensions"
108-->[androidx.window:window:1.0.0] AndroidManifest.xml:26:13-54
109            android:required="false" />
109-->[androidx.window:window:1.0.0] AndroidManifest.xml:27:13-37
110        <uses-library
110-->[androidx.window:window:1.0.0] AndroidManifest.xml:28:9-30:40
111            android:name="androidx.window.sidecar"
111-->[androidx.window:window:1.0.0] AndroidManifest.xml:29:13-51
112            android:required="false" />
112-->[androidx.window:window:1.0.0] AndroidManifest.xml:30:13-37
113
114        <receiver
114-->[androidx.profileinstaller:profileinstaller:1.3.1] AndroidManifest.xml:34:9-52:20
115            android:name="androidx.profileinstaller.ProfileInstallReceiver"
115-->[androidx.profileinstaller:profileinstaller:1.3.1] AndroidManifest.xml:35:13-76
116            android:directBootAware="false"
116-->[androidx.profileinstaller:profileinstaller:1.3.1] AndroidManifest.xml:36:13-44
117            android:enabled="true"
117-->[androidx.profileinstaller:profileinstaller:1.3.1] AndroidManifest.xml:37:13-35
118            android:exported="true"
118-->[androidx.profileinstaller:profileinstaller:1.3.1] AndroidManifest.xml:38:13-36
119            android:permission="android.permission.DUMP" >
119-->[androidx.profileinstaller:profileinstaller:1.3.1] AndroidManifest.xml:39:13-57
120            <intent-filter>
120-->[androidx.profileinstaller:profileinstaller:1.3.1] AndroidManifest.xml:40:13-42:29
121                <action android:name="androidx.profileinstaller.action.INSTALL_PROFILE" />
121-->[androidx.profileinstaller:profileinstaller:1.3.1] AndroidManifest.xml:41:17-91
121-->[androidx.profileinstaller:profileinstaller:1.3.1] AndroidManifest.xml:41:25-88
122            </intent-filter>
123            <intent-filter>
123-->[androidx.profileinstaller:profileinstaller:1.3.1] AndroidManifest.xml:43:13-45:29
124                <action android:name="androidx.profileinstaller.action.SKIP_FILE" />
124-->[androidx.profileinstaller:profileinstaller:1.3.1] AndroidManifest.xml:44:17-85
124-->[androidx.profileinstaller:profileinstaller:1.3.1] AndroidManifest.xml:44:25-82
125            </intent-filter>
126            <intent-filter>
126-->[androidx.profileinstaller:profileinstaller:1.3.1] AndroidManifest.xml:46:13-48:29
127                <action android:name="androidx.profileinstaller.action.SAVE_PROFILE" />
127-->[androidx.profileinstaller:profileinstaller:1.3.1] AndroidManifest.xml:47:17-88
127-->[androidx.profileinstaller:profileinstaller:1.3.1] AndroidManifest.xml:47:25-85
128            </intent-filter>
129            <intent-filter>
129-->[androidx.profileinstaller:profileinstaller:1.3.1] AndroidManifest.xml:49:13-51:29
130                <action android:name="androidx.profileinstaller.action.BENCHMARK_OPERATION" />
130-->[androidx.profileinstaller:profileinstaller:1.3.1] AndroidManifest.xml:50:17-95
130-->[androidx.profileinstaller:profileinstaller:1.3.1] AndroidManifest.xml:50:25-92
131            </intent-filter>
132        </receiver>
133    </application>
134
135</manifest>